{
"contracts/ERC20Token.sol":{"l":{"10":21,"15":16,"16":16,"17":15},"path":"/Users/larebkhan/Desktop/crypto_assignments/crypto_and_smart_contracts/v3.0/contracts/ERC20Token.sol","s":{"1":16,"2":16,"3":15},"b":{"1":[15,1]},"f":{"1":21,"2":16},"fnMap":{"1":{"name":"constructor","line":9,"loc":{"start":{"line":9,"column":4},"end":{"line":11,"column":4}}},"2":{"name":"mint","line":13,"loc":{"start":{"line":13,"column":4},"end":{"line":18,"column":4}}}},"statementMap":{"1":{"start":{"line":15,"column":8},"end":{"line":15,"column":44}},"2":{"start":{"line":16,"column":8},"end":{"line":16,"column":77}},"3":{"start":{"line":17,"column":8},"end":{"line":17,"column":24}}},"branchMap":{"1":{"line":16,"type":"if","locations":[{"start":{"line":16,"column":8},"end":{"line":16,"column":8}},{"start":{"line":16,"column":8},"end":{"line":16,"column":8}}]}}},
"contracts/NFTDutchAuction.sol":{"l":{"40":15,"41":15,"42":15,"43":15,"44":15,"45":15,"46":15,"47":15,"48":15,"51":15,"52":15,"53":15,"54":15,"65":4,"69":4,"73":3,"79":2,"80":2,"81":2,"83":2,"84":0,"85":0,"88":4,"91":3},"path":"/Users/larebkhan/Desktop/crypto_assignments/crypto_and_smart_contracts/v3.0/contracts/NFTDutchAuction.sol","s":{"1":4,"2":4,"3":3,"4":2,"5":0,"6":0,"7":4},"b":{"1":[4,0],"2":[3,1],"3":[2,1],"4":[3,1]},"f":{"1":15,"2":4,"3":4},"fnMap":{"1":{"name":"constructor","line":38,"loc":{"start":{"line":38,"column":4},"end":{"line":60,"column":8}}},"2":{"name":"bid","line":64,"loc":{"start":{"line":64,"column":5},"end":{"line":86,"column":4}}},"3":{"name":"finishAuction","line":87,"loc":{"start":{"line":87,"column":4},"end":{"line":92,"column":0}}}},"statementMap":{"1":{"start":{"line":65,"column":8},"end":{"line":65,"column":2019}},"2":{"start":{"line":69,"column":8},"end":{"line":69,"column":2159}},"3":{"start":{"line":73,"column":8},"end":{"line":73,"column":2294}},"4":{"start":{"line":83,"column":8},"end":{"line":83,"column":62}},"5":{"start":{"line":84,"column":8},"end":{"line":84,"column":81}},"6":{"start":{"line":85,"column":8},"end":{"line":85,"column":41}},"7":{"start":{"line":88,"column":4},"end":{"line":88,"column":67}}},"branchMap":{"1":{"line":65,"type":"if","locations":[{"start":{"line":65,"column":8},"end":{"line":65,"column":8}},{"start":{"line":65,"column":8},"end":{"line":65,"column":8}}]},"2":{"line":69,"type":"if","locations":[{"start":{"line":69,"column":8},"end":{"line":69,"column":8}},{"start":{"line":69,"column":8},"end":{"line":69,"column":8}}]},"3":{"line":73,"type":"if","locations":[{"start":{"line":73,"column":8},"end":{"line":73,"column":8}},{"start":{"line":73,"column":8},"end":{"line":73,"column":8}}]},"4":{"line":88,"type":"if","locations":[{"start":{"line":88,"column":4},"end":{"line":88,"column":4}},{"start":{"line":88,"column":4},"end":{"line":88,"column":4}}]}}},
"contracts/NFTMintContract.sol":{"l":{"16":96,"18":96,"24":22,"25":21,"26":21},"path":"/Users/larebkhan/Desktop/crypto_assignments/crypto_and_smart_contracts/v3.0/contracts/NFTMintContract.sol","s":{"1":96,"2":22,"3":21},"b":{"1":[96,0],"2":[21,1]},"f":{"1":96,"2":22},"fnMap":{"1":{"name":"initialize","line":15,"loc":{"start":{"line":15,"column":4},"end":{"line":20,"column":4}}},"2":{"name":"safeMint","line":22,"loc":{"start":{"line":22,"column":4},"end":{"line":29,"column":4}}}},"statementMap":{"1":{"start":{"line":16,"column":8},"end":{"line":16,"column":41}},"2":{"start":{"line":24,"column":8},"end":{"line":24,"column":53}},"3":{"start":{"line":25,"column":8},"end":{"line":25,"column":29}}},"branchMap":{"1":{"line":15,"type":"if","locations":[{"start":{"line":15,"column":42},"end":{"line":15,"column":42}},{"start":{"line":15,"column":42},"end":{"line":15,"column":42}}]},"2":{"line":24,"type":"if","locations":[{"start":{"line":24,"column":8},"end":{"line":24,"column":8}},{"start":{"line":24,"column":8},"end":{"line":24,"column":8}}]}}}}
