TN:
SF:/Users/larebkhan/Desktop/crypto_assignments/crypto_and_smart_contracts/v3.0/contracts/ERC20Token.sol
FN:9,constructor
FN:13,mint
FNF:2
FNH:2
FNDA:21,constructor
FNDA:16,mint
DA:10,21
DA:15,16
DA:16,16
DA:17,15
LF:4
LH:4
BRDA:16,1,0,15
BRDA:16,1,1,1
BRF:2
BRH:2
end_of_record
TN:
SF:/Users/larebkhan/Desktop/crypto_assignments/crypto_and_smart_contracts/v3.0/contracts/NFTDutchAuction.sol
FN:38,constructor
FN:64,bid
FN:87,finishAuction
FNF:3
FNH:3
FNDA:15,constructor
FNDA:4,bid
FNDA:4,finishAuction
DA:40,15
DA:41,15
DA:42,15
DA:43,15
DA:44,15
DA:45,15
DA:46,15
DA:47,15
DA:48,15
DA:51,15
DA:52,15
DA:53,15
DA:54,15
DA:65,4
DA:69,4
DA:73,3
DA:79,2
DA:80,2
DA:81,2
DA:83,2
DA:84,0
DA:85,0
DA:88,4
DA:91,3
LF:24
LH:22
BRDA:65,1,0,4
BRDA:65,1,1,0
BRDA:69,2,0,3
BRDA:69,2,1,1
BRDA:73,3,0,2
BRDA:73,3,1,1
BRDA:88,4,0,3
BRDA:88,4,1,1
BRF:8
BRH:7
end_of_record
TN:
SF:/Users/larebkhan/Desktop/crypto_assignments/crypto_and_smart_contracts/v3.0/contracts/NFTMintContract.sol
FN:15,initialize
FN:22,safeMint
FNF:2
FNH:2
FNDA:96,initialize
FNDA:22,safeMint
DA:16,96
DA:18,96
DA:24,22
DA:25,21
DA:26,21
LF:5
LH:5
BRDA:15,1,0,96
BRDA:15,1,1,0
BRDA:24,2,0,21
BRDA:24,2,1,1
BRF:4
BRH:3
end_of_record
