{
"contracts/BasicDutchAuction.sol":{"l":{"19":9,"20":9,"21":9,"22":9,"23":9,"24":9,"25":9,"29":4,"30":4,"31":3,"33":2,"34":2,"35":2,"36":2,"38":2},"path":"/Users/larebkhan/Desktop/crypto_assignments/crypto_and_smart_contracts/v6.0/contracts/BasicDutchAuction.sol","s":{"1":4,"2":4,"3":3,"4":2,"5":2},"b":{"1":[4,0],"2":[3,1],"3":[2,1]},"f":{"1":9,"2":4},"fnMap":{"1":{"name":"constructor","line":17,"loc":{"start":{"line":17,"column":4},"end":{"line":26,"column":4}}},"2":{"name":"bid","line":28,"loc":{"start":{"line":28,"column":4},"end":{"line":39,"column":4}}}},"statementMap":{"1":{"start":{"line":29,"column":8},"end":{"line":29,"column":84}},"2":{"start":{"line":30,"column":8},"end":{"line":30,"column":82}},"3":{"start":{"line":31,"column":8},"end":{"line":31,"column":94}},"4":{"start":{"line":36,"column":8},"end":{"line":36,"column":42}},"5":{"start":{"line":38,"column":8},"end":{"line":38,"column":29}}},"branchMap":{"1":{"line":29,"type":"if","locations":[{"start":{"line":29,"column":8},"end":{"line":29,"column":8}},{"start":{"line":29,"column":8},"end":{"line":29,"column":8}}]},"2":{"line":30,"type":"if","locations":[{"start":{"line":30,"column":8},"end":{"line":30,"column":8}},{"start":{"line":30,"column":8},"end":{"line":30,"column":8}}]},"3":{"line":31,"type":"if","locations":[{"start":{"line":31,"column":8},"end":{"line":31,"column":8}},{"start":{"line":31,"column":8},"end":{"line":31,"column":8}}]}}}}
