{"contracts/ERC20Token.sol":{"l":{"11":21,"16":13,"17":13,"18":12},"path":"/Users/larebkhan/Desktop/crypto_assignments/crypto_and_smart_contracts/v5.0/contracts/ERC20Token.sol","s":{"1":13,"2":13,"3":12},"b":{"1":[12,1]},"f":{"1":21,"2":13},"fnMap":{"1":{"name":"constructor","line":10,"loc":{"start":{"line":10,"column":4},"end":{"line":12,"column":4}}},"2":{"name":"mint","line":14,"loc":{"start":{"line":14,"column":4},"end":{"line":19,"column":4}}}},"statementMap":{"1":{"start":{"line":16,"column":8},"end":{"line":16,"column":44}},"2":{"start":{"line":17,"column":8},"end":{"line":17,"column":77}},"3":{"start":{"line":18,"column":8},"end":{"line":18,"column":24}}},"branchMap":{"1":{"line":17,"type":"if","locations":[{"start":{"line":17,"column":8},"end":{"line":17,"column":8}},{"start":{"line":17,"column":8},"end":{"line":17,"column":8}}]}}},"contracts/NFTDutchAuction.sol":{"l":{"46":15,"47":15,"49":15,"50":15,"51":15,"52":15,"53":15,"54":15,"55":15,"56":15,"57":15,"60":15,"61":15,"62":15,"63":15,"74":3,"78":3,"82":2,"88":1,"89":1,"90":1,"92":1,"93":0,"94":0,"97":2,"100":1},"path":"/Users/larebkhan/Desktop/crypto_assignments/crypto_and_smart_contracts/v5.0/contracts/NFTDutchAuction.sol","s":{"1":15,"2":15,"3":3,"4":3,"5":2,"6":1,"7":0,"8":0,"9":2},"b":{"1":[15,0],"2":[3,0],"3":[2,1],"4":[1,1],"5":[1,1],"6":[0,0]},"f":{"1":15,"2":3,"3":2,"4":0},"fnMap":{"1":{"name":"initialize","line":45,"loc":{"start":{"line":43,"column":4},"end":{"line":69,"column":8}}},"2":{"name":"bid","line":73,"loc":{"start":{"line":73,"column":5},"end":{"line":95,"column":4}}},"3":{"name":"finishAuction","line":96,"loc":{"start":{"line":96,"column":4},"end":{"line":101,"column":0}}},"4":{"name":"_authorizeUpgrade","line":104,"loc":{"start":{"line":102,"column":1},"end":{"line":106,"column":5}}}},"statementMap":{"1":{"start":{"line":46,"column":8},"end":{"line":46,"column":23}},"2":{"start":{"line":47,"column":8},"end":{"line":47,"column":31}},"3":{"start":{"line":74,"column":8},"end":{"line":74,"column":2289}},"4":{"start":{"line":78,"column":8},"end":{"line":78,"column":2429}},"5":{"start":{"line":82,"column":8},"end":{"line":82,"column":2564}},"6":{"start":{"line":92,"column":8},"end":{"line":92,"column":62}},"7":{"start":{"line":93,"column":8},"end":{"line":93,"column":81}},"8":{"start":{"line":94,"column":8},"end":{"line":94,"column":41}},"9":{"start":{"line":97,"column":4},"end":{"line":97,"column":67}}},"branchMap":{"1":{"line":45,"type":"if","locations":[{"start":{"line":45,"column":11},"end":{"line":45,"column":11}},{"start":{"line":45,"column":11},"end":{"line":45,"column":11}}]},"2":{"line":74,"type":"if","locations":[{"start":{"line":74,"column":8},"end":{"line":74,"column":8}},{"start":{"line":74,"column":8},"end":{"line":74,"column":8}}]},"3":{"line":78,"type":"if","locations":[{"start":{"line":78,"column":8},"end":{"line":78,"column":8}},{"start":{"line":78,"column":8},"end":{"line":78,"column":8}}]},"4":{"line":82,"type":"if","locations":[{"start":{"line":82,"column":8},"end":{"line":82,"column":8}},{"start":{"line":82,"column":8},"end":{"line":82,"column":8}}]},"5":{"line":97,"type":"if","locations":[{"start":{"line":97,"column":4},"end":{"line":97,"column":4}},{"start":{"line":97,"column":4},"end":{"line":97,"column":4}}]},"6":{"line":104,"type":"if","locations":[{"start":{"line":104,"column":8},"end":{"line":104,"column":8}},{"start":{"line":104,"column":8},"end":{"line":104,"column":8}}]}}},"contracts/NFTMintContract.sol":{"l":{"16":96,"18":96,"24":19,"25":18,"26":18},"path":"/Users/larebkhan/Desktop/crypto_assignments/crypto_and_smart_contracts/v5.0/contracts/NFTMintContract.sol","s":{"1":96,"2":19,"3":18},"b":{"1":[96,0],"2":[18,1]},"f":{"1":96,"2":19},"fnMap":{"1":{"name":"initialize","line":15,"loc":{"start":{"line":15,"column":4},"end":{"line":20,"column":4}}},"2":{"name":"safeMint","line":22,"loc":{"start":{"line":22,"column":4},"end":{"line":29,"column":4}}}},"statementMap":{"1":{"start":{"line":16,"column":8},"end":{"line":16,"column":41}},"2":{"start":{"line":24,"column":8},"end":{"line":24,"column":53}},"3":{"start":{"line":25,"column":8},"end":{"line":25,"column":29}}},"branchMap":{"1":{"line":15,"type":"if","locations":[{"start":{"line":15,"column":42},"end":{"line":15,"column":42}},{"start":{"line":15,"column":42},"end":{"line":15,"column":42}}]},"2":{"line":24,"type":"if","locations":[{"start":{"line":24,"column":8},"end":{"line":24,"column":8}},{"start":{"line":24,"column":8},"end":{"line":24,"column":8}}]}}}}