{"contracts/MintAuctionContract.sol":{"l":{"13":0,"14":0,"15":0,"21":65,"22":65,"31":0,"40":0},"path":"/Users/larebkhan/Desktop/crypto_assignments/crypto_and_smart_contracts/v2.0/contracts/MintAuctionContract.sol","s":{"1":0,"2":0,"3":0,"4":65,"5":65,"6":0,"7":0},"b":{},"f":{"1":0,"2":65,"3":0,"4":0},"fnMap":{"1":{"name":"initialize","line":12,"loc":{"start":{"line":12,"column":4},"end":{"line":16,"column":4}}},"2":{"name":"safeMint","line":18,"loc":{"start":{"line":18,"column":4},"end":{"line":23,"column":4}}},"3":{"name":"_burn","line":27,"loc":{"start":{"line":27,"column":4},"end":{"line":32,"column":4}}},"4":{"name":"tokenURI","line":34,"loc":{"start":{"line":34,"column":4},"end":{"line":41,"column":4}}}},"statementMap":{"1":{"start":{"line":13,"column":8},"end":{"line":13,"column":41}},"2":{"start":{"line":14,"column":8},"end":{"line":14,"column":32}},"3":{"start":{"line":15,"column":8},"end":{"line":15,"column":23}},"4":{"start":{"line":21,"column":8},"end":{"line":21,"column":29}},"5":{"start":{"line":22,"column":8},"end":{"line":22,"column":33}},"6":{"start":{"line":31,"column":8},"end":{"line":31,"column":27}},"7":{"start":{"line":40,"column":8},"end":{"line":40,"column":38}}},"branchMap":{}},"contracts/NFTDutchAuction.sol":{"l":{"32":9,"33":9,"34":9,"35":9,"36":9,"37":9,"38":9,"39":9,"40":9,"41":9,"45":6,"50":4,"54":4,"58":3,"64":2,"65":2,"66":2,"68":2,"69":2,"72":2},"path":"/Users/larebkhan/Desktop/crypto_assignments/crypto_and_smart_contracts/v2.0/contracts/NFTDutchAuction.sol","s":{"1":9,"2":9,"3":9,"4":9,"5":9,"6":9,"7":9,"8":9,"9":9,"10":9,"11":6,"12":4,"13":4,"14":3,"15":2,"16":2,"17":2,"18":2,"19":2,"20":2},"b":{"1":[4,0],"2":[3,1],"3":[2,1]},"f":{"1":9,"2":6,"3":4},"fnMap":{"1":{"name":"constructor","line":30,"loc":{"start":{"line":30,"column":4},"end":{"line":43,"column":8}}},"2":{"name":"setMintContract","line":44,"loc":{"start":{"line":44,"column":4},"end":{"line":46,"column":4}}},"3":{"name":"bid","line":49,"loc":{"start":{"line":49,"column":5},"end":{"line":73,"column":4}}}},"statementMap":{"1":{"start":{"line":32,"column":8},"end":{"line":32,"column":47}},"2":{"start":{"line":33,"column":8},"end":{"line":33,"column":31}},"3":{"start":{"line":34,"column":8},"end":{"line":34,"column":35}},"4":{"start":{"line":35,"column":8},"end":{"line":35,"column":51}},"5":{"start":{"line":36,"column":8},"end":{"line":36,"column":49}},"6":{"start":{"line":37,"column":8},"end":{"line":37,"column":77}},"7":{"start":{"line":38,"column":8},"end":{"line":38,"column":32}},"8":{"start":{"line":39,"column":8},"end":{"line":39,"column":56}},"9":{"start":{"line":40,"column":8},"end":{"line":40,"column":29}},"10":{"start":{"line":41,"column":8},"end":{"line":41,"column":24}},"11":{"start":{"line":45,"column":8},"end":{"line":45,"column":35}},"12":{"start":{"line":50,"column":8},"end":{"line":50,"column":1738}},"13":{"start":{"line":54,"column":8},"end":{"line":54,"column":1878}},"14":{"start":{"line":58,"column":8},"end":{"line":58,"column":2011}},"15":{"start":{"line":64,"column":8},"end":{"line":64,"column":44}},"16":{"start":{"line":65,"column":8},"end":{"line":65,"column":23}},"17":{"start":{"line":66,"column":8},"end":{"line":66,"column":28}},"18":{"start":{"line":68,"column":8},"end":{"line":68,"column":46}},"19":{"start":{"line":69,"column":8},"end":{"line":69,"column":82}},"20":{"start":{"line":72,"column":8},"end":{"line":72,"column":41}}},"branchMap":{"1":{"line":50,"type":"if","locations":[{"start":{"line":50,"column":8},"end":{"line":50,"column":8}},{"start":{"line":50,"column":8},"end":{"line":50,"column":8}}]},"2":{"line":54,"type":"if","locations":[{"start":{"line":54,"column":8},"end":{"line":54,"column":8}},{"start":{"line":54,"column":8},"end":{"line":54,"column":8}}]},"3":{"line":58,"type":"if","locations":[{"start":{"line":58,"column":8},"end":{"line":58,"column":8}},{"start":{"line":58,"column":8},"end":{"line":58,"column":8}}]}}}}