TN:
SF:/Users/larebkhan/Desktop/crypto_assignments/crypto_and_smart_contracts/v4.0/contracts/ERC20Token.sol
FN:9,constructor
FN:13,mint
FNF:2
FNH:2
FNDA:18,constructor
FNDA:13,mint
DA:10,18
DA:15,13
DA:16,13
DA:17,12
LF:4
LH:4
BRDA:16,1,0,12
BRDA:16,1,1,1
BRF:2
BRH:2
end_of_record
TN:
SF:/Users/larebkhan/Desktop/crypto_assignments/crypto_and_smart_contracts/v4.0/contracts/NFTDutchAuction.sol
FN:45,initialize
FN:73,bid
FN:96,finishAuction
FN:104,_authorizeUpgrade
FNF:4
FNH:3
FNDA:12,initialize
FNDA:3,bid
FNDA:2,finishAuction
FNDA:0,_authorizeUpgrade
DA:46,12
DA:47,12
DA:49,12
DA:50,12
DA:51,12
DA:52,12
DA:53,12
DA:54,12
DA:55,12
DA:56,12
DA:57,12
DA:60,12
DA:61,12
DA:62,12
DA:63,12
DA:74,3
DA:78,3
DA:82,2
DA:88,1
DA:89,1
DA:90,1
DA:92,1
DA:93,0
DA:94,0
DA:97,2
DA:100,1
LF:26
LH:24
BRDA:45,1,0,12
BRDA:45,1,1,0
BRDA:74,2,0,3
BRDA:74,2,1,0
BRDA:78,3,0,2
BRDA:78,3,1,1
BRDA:82,4,0,1
BRDA:82,4,1,1
BRDA:97,5,0,1
BRDA:97,5,1,1
BRDA:104,6,0,0
BRDA:104,6,1,0
BRF:12
BRH:8
end_of_record
TN:
SF:/Users/larebkhan/Desktop/crypto_assignments/crypto_and_smart_contracts/v4.0/contracts/NFTMintContract.sol
FN:15,initialize
FN:22,safeMint
FNF:2
FNH:2
FNDA:84,initialize
FNDA:19,safeMint
DA:16,84
DA:18,84
DA:24,19
DA:25,18
DA:26,18
LF:5
LH:5
BRDA:15,1,0,84
BRDA:15,1,1,0
BRDA:24,2,0,18
BRDA:24,2,1,1
BRF:4
BRH:3
end_of_record
