TN:
SF:/Users/larebkhan/Desktop/crypto_assignments/crypto_and_smart_contracts/v2.0/contracts/MintAuctionContract.sol
FN:12,initialize
FN:18,safeMint
FN:27,_burn
FN:34,tokenURI
FNF:4
FNH:1
FNDA:0,initialize
FNDA:65,safeMint
FNDA:0,_burn
FNDA:0,tokenURI
DA:13,0
DA:14,0
DA:15,0
DA:21,65
DA:22,65
DA:31,0
DA:40,0
LF:7
LH:2
BRF:0
BRH:0
end_of_record
TN:
SF:/Users/larebkhan/Desktop/crypto_assignments/crypto_and_smart_contracts/v2.0/contracts/NFTDutchAuction.sol
FN:30,constructor
FN:44,setMintContract
FN:49,bid
FNF:3
FNH:3
FNDA:9,constructor
FNDA:6,setMintContract
FNDA:4,bid
DA:32,9
DA:33,9
DA:34,9
DA:35,9
DA:36,9
DA:37,9
DA:38,9
DA:39,9
DA:40,9
DA:41,9
DA:45,6
DA:50,4
DA:54,4
DA:58,3
DA:64,2
DA:65,2
DA:66,2
DA:68,2
DA:69,2
DA:72,2
LF:20
LH:20
BRDA:50,1,0,4
BRDA:50,1,1,0
BRDA:54,2,0,3
BRDA:54,2,1,1
BRDA:58,3,0,2
BRDA:58,3,1,1
BRF:6
BRH:5
end_of_record
